2026-04-29T11:56:58.754+03:00  INFO 5608 --- [to-do-app] [main] org.example.todoapp.ToDoAppApplication   : Starting ToDoAppApplication using Java 23.0.1 with PID 5608 (C:\Users\Petya\IdeaProjects\to-do-app\target\classes started by Petya in C:\Users\Petya\IdeaProjects\to-do-app)
2026-04-29T11:56:58.756+03:00  INFO 5608 --- [to-do-app] [main] org.example.todoapp.ToDoAppApplication   : No active profile set, falling back to 1 default profile: "default"
2026-04-29T11:56:59.583+03:00  INFO 5608 --- [to-do-app] [main] .s.d.r.c.RepositoryConfigurationDelegate : Bootstrapping Spring Data JPA repositories in DEFAULT mode.
2026-04-29T11:56:59.693+03:00  INFO 5608 --- [to-do-app] [main] .s.d.r.c.RepositoryConfigurationDelegate : Finished Spring Data repository scanning in 99 ms. Found 3 JPA repository interfaces.
2026-04-29T11:57:00.285+03:00  INFO 5608 --- [to-do-app] [main] o.s.b.w.embedded.tomcat.TomcatWebServer  : Tomcat initialized with port 8080 (http)
2026-04-29T11:57:00.305+03:00  INFO 5608 --- [to-do-app] [main] o.apache.catalina.core.StandardService   : Starting service [Tomcat]
2026-04-29T11:57:00.306+03:00  INFO 5608 --- [to-do-app] [main] o.apache.catalina.core.StandardEngine    : Starting Servlet engine: [Apache Tomcat/10.1.39]
2026-04-29T11:57:00.399+03:00  INFO 5608 --- [to-do-app] [main] o.a.c.c.C.[Tomcat].[localhost].[/]       : Initializing Spring embedded WebApplicationContext
2026-04-29T11:57:00.400+03:00  INFO 5608 --- [to-do-app] [main] w.s.c.ServletWebServerApplicationContext : Root WebApplicationContext: initialization completed in 1571 ms
2026-04-29T11:57:00.674+03:00  INFO 5608 --- [to-do-app] [main] com.zaxxer.hikari.HikariDataSource       : HikariPool-1 - Starting...
2026-04-29T11:57:01.081+03:00  INFO 5608 --- [to-do-app] [main] com.zaxxer.hikari.pool.HikariPool        : HikariPool-1 - Added connection ConnectionID:1 ClientConnectionId: db36de01-0929-4f8e-ae68-55c934efb09f
2026-04-29T11:57:01.083+03:00  INFO 5608 --- [to-do-app] [main] com.zaxxer.hikari.HikariDataSource       : HikariPool-1 - Start completed.
2026-04-29T11:57:01.185+03:00  INFO 5608 --- [to-do-app] [main] liquibase.database                       : Set default schema name to dbo
2026-04-29T11:57:01.980+03:00  INFO 5608 --- [to-do-app] [main] liquibase.changelog                      : Reading from DATABASECHANGELOG
2026-04-29T11:57:02.052+03:00  INFO 5608 --- [to-do-app] [main] liquibase.ui                             : Database is up to date, no changesets to execute
2026-04-29T11:57:02.056+03:00  INFO 5608 --- [to-do-app] [main] liquibase.changelog                      : Reading from DATABASECHANGELOG
2026-04-29T11:57:02.069+03:00  INFO 5608 --- [to-do-app] [main] liquibase.util                           : UPDATE SUMMARY
2026-04-29T11:57:02.069+03:00  INFO 5608 --- [to-do-app] [main] liquibase.util                           : Run:                          0
2026-04-29T11:57:02.069+03:00  INFO 5608 --- [to-do-app] [main] liquibase.util                           : Previously run:              14
2026-04-29T11:57:02.069+03:00  INFO 5608 --- [to-do-app] [main] liquibase.util                           : Filtered out:                 0
2026-04-29T11:57:02.070+03:00  INFO 5608 --- [to-do-app] [main] liquibase.util                           : -------------------------------
2026-04-29T11:57:02.070+03:00  INFO 5608 --- [to-do-app] [main] liquibase.util                           : Total change sets:           14
2026-04-29T11:57:02.071+03:00  INFO 5608 --- [to-do-app] [main] liquibase.util                           : Update summary generated
2026-04-29T11:57:02.072+03:00  INFO 5608 --- [to-do-app] [main] liquibase.command                        : Command execution complete
2026-04-29T11:57:02.166+03:00  INFO 5608 --- [to-do-app] [main] o.hibernate.jpa.internal.util.LogHelper  : HHH000204: Processing PersistenceUnitInfo [name: default]
2026-04-29T11:57:02.237+03:00  INFO 5608 --- [to-do-app] [main] org.hibernate.Version                    : HHH000412: Hibernate ORM core version 6.6.11.Final
2026-04-29T11:57:02.289+03:00  INFO 5608 --- [to-do-app] [main] o.h.c.internal.RegionFactoryInitiator    : HHH000026: Second-level cache disabled
2026-04-29T11:57:02.612+03:00  INFO 5608 --- [to-do-app] [main] o.s.o.j.p.SpringPersistenceUnitInfo      : No LoadTimeWeaver setup: ignoring JPA class transformer
2026-04-29T11:57:02.722+03:00  WARN 5608 --- [to-do-app] [main] org.hibernate.orm.deprecation            : HHH90000025: SQLServerDialect does not need to be specified explicitly using 'hibernate.dialect' (remove the property setting and it will be selected by default)
2026-04-29T11:57:02.741+03:00  INFO 5608 --- [to-do-app] [main] org.hibernate.orm.connections.pooling    : HHH10001005: Database info:
	Database JDBC URL [Connecting through datasource 'HikariDataSource (HikariPool-1)']
	Database driver: undefined/unknown
	Database version: 16.0
	Autocommit mode: undefined/unknown
	Isolation level: undefined/unknown
	Minimum pool size: undefined/unknown
	Maximum pool size: undefined/unknown
2026-04-29T11:57:03.843+03:00  INFO 5608 --- [to-do-app] [main] o.h.e.t.j.p.i.JtaPlatformInitiator       : HHH000489: No JTA platform available (set 'hibernate.transaction.jta.platform' to enable JTA platform integration)
2026-04-29T11:57:04.138+03:00  INFO 5608 --- [to-do-app] [main] j.LocalContainerEntityManagerFactoryBean : Initialized JPA EntityManagerFactory for persistence unit 'default'
2026-04-29T11:57:04.686+03:00  WARN 5608 --- [to-do-app] [main] JpaBaseConfiguration$JpaWebConfiguration : spring.jpa.open-in-view is enabled by default. Therefore, database queries may be performed during view rendering. Explicitly configure spring.jpa.open-in-view to disable this warning
2026-04-29T11:57:05.090+03:00  INFO 5608 --- [to-do-app] [main] o.s.b.w.embedded.tomcat.TomcatWebServer  : Tomcat started on port 8080 (http) with context path '/'
2026-04-29T11:57:05.100+03:00  INFO 5608 --- [to-do-app] [main] org.example.todoapp.ToDoAppApplication   : Started ToDoAppApplication in 6.888 seconds (process running for 7.78)
2026-04-29T11:57:11.907+03:00  INFO 5608 --- [to-do-app] [http-nio-8080-exec-3] o.a.c.c.C.[Tomcat].[localhost].[/]       : Initializing Spring DispatcherServlet 'dispatcherServlet'
2026-04-29T11:57:11.908+03:00  INFO 5608 --- [to-do-app] [http-nio-8080-exec-3] o.s.web.servlet.DispatcherServlet        : Initializing Servlet 'dispatcherServlet'
2026-04-29T11:57:11.911+03:00  INFO 5608 --- [to-do-app] [http-nio-8080-exec-3] o.s.web.servlet.DispatcherServlet        : Completed initialization in 3 ms
2026-04-29T11:57:12.344+03:00 ERROR 5608 --- [to-do-app] [http-nio-8080-exec-3] o.e.t.c.e.GlobalExceptionHandler         : User with email p1@gmail.com already exists
2026-04-29T11:57:46.256+03:00  INFO 5608 --- [to-do-app] [http-nio-8080-exec-4] o.e.t.user.service.UserServiceImpl       : Saved user with email: p2@gmail.com
